<?xml version="1.0" encoding="UTF-8"?>
<!-- Generated by org.testng.reporters.JUnitReportReporter -->
<testsuite hostname="User" failures="0" tests="2" name="testPkg.SearchFunctionalityTest" time="66.774" errors="0" timestamp="2023-06-03T21:21:57 EDT" skipped="0">
  <testcase classname="testPkg.SearchFunctionalityTest" name="positiveSearchFunctionalityTestWithSearchBtn" time="42.540"/>
  <system-out/>
  <testcase classname="testPkg.SearchFunctionalityTest" name="positiveSearchFunctionalityTestWithSearchBtn" time="24.234"/>
  <system-out/>
</testsuite> <!-- testPkg.SearchFunctionalityTest -->
